t=2026-03-08T12:32:29+0530 lvl=info msg="no configuration paths supplied"
t=2026-03-08T12:32:29+0530 lvl=info msg="using configuration at default config path" path="C:\\Users\\VISHWATH KUMAR\\AppData\\Local\\ngrok\\ngrok.yml"
t=2026-03-08T12:32:29+0530 lvl=info msg="open config file" path="C:\\Users\\VISHWATH KUMAR\\AppData\\Local\\ngrok\\ngrok.yml" err=nil
t=2026-03-08T12:32:30+0530 lvl=info msg="FIPS 140 mode" enabled=false
t=2026-03-08T12:32:30+0530 lvl=info msg="starting web service" obj=web addr=127.0.0.1:4040 allow_hosts=[]
t=2026-03-08T12:32:31+0530 lvl=info msg="client session established" obj=tunnels.session
t=2026-03-08T12:32:31+0530 lvl=info msg="tunnel session started" obj=tunnels.session
t=2026-03-08T12:32:32+0530 lvl=info msg="started tunnel" obj=tunnels name=command_line addr=http://localhost:8000 url=https://unnormative-boston-unsenile.ngrok-free.dev
t=2026-03-08T12:33:18+0530 lvl=info msg="join connections" obj=join id=d1e79ecb5cae l=[::1]:8000 r=[2401:4900:cac3:cff4:7911:d342:e9c7:bfb6]:51965
t=2026-03-08T12:33:18+0530 lvl=info msg="join connections" obj=join id=e237978e37b7 l=[::1]:8000 r=[2401:4900:cac3:cff4:7911:d342:e9c7:bfb6]:51965
t=2026-03-08T12:33:18+0530 lvl=info msg="join connections" obj=join id=0c250aed3fc8 l=[::1]:8000 r=[2401:4900:cac3:cff4:7911:d342:e9c7:bfb6]:51965
t=2026-03-08T12:33:19+0530 lvl=info msg="join connections" obj=join id=3caa0ca1836c l=[::1]:8000 r=[2401:4900:cac3:cff4:7911:d342:e9c7:bfb6]:51965
t=2026-03-08T12:34:04+0530 lvl=info msg="join connections" obj=join id=f744341f7f84 l=[::1]:8000 r=[2401:4900:cac3:cff4:7911:d342:e9c7:bfb6]:58419
t=2026-03-08T12:34:04+0530 lvl=info msg="join connections" obj=join id=fd42d3260408 l=[::1]:8000 r=[2401:4900:cac3:cff4:7911:d342:e9c7:bfb6]:58419
t=2026-03-08T12:34:04+0530 lvl=info msg="join connections" obj=join id=b84ddf3112ec l=[::1]:8000 r=[2401:4900:cac3:cff4:7911:d342:e9c7:bfb6]:58419
t=2026-03-08T12:34:05+0530 lvl=info msg="join connections" obj=join id=2e561ab4c56e l=[::1]:8000 r=[2401:4900:cac3:cff4:7911:d342:e9c7:bfb6]:58419
t=2026-03-08T12:35:46+0530 lvl=info msg="join connections" obj=join id=9c7c9d176515 l=[::1]:8000 r=[2401:4900:cac3:cff4:7911:d342:e9c7:bfb6]:65361
t=2026-03-08T12:35:46+0530 lvl=info msg="join connections" obj=join id=c48825a7398e l=[::1]:8000 r=[2401:4900:cac3:cff4:7911:d342:e9c7:bfb6]:65361
t=2026-03-08T12:35:46+0530 lvl=info msg="join connections" obj=join id=1ac8c6cc06d7 l=[::1]:8000 r=[2401:4900:cac3:cff4:7911:d342:e9c7:bfb6]:65361
t=2026-03-08T12:35:47+0530 lvl=info msg="join connections" obj=join id=acc9cdf7e96e l=[::1]:8000 r=[2401:4900:cac3:cff4:7911:d342:e9c7:bfb6]:65361
t=2026-03-08T12:57:08+0530 lvl=info msg="join connections" obj=join id=163fbb7e242a l=[::1]:8000 r=[2401:4900:cac3:cff4:7911:d342:e9c7:bfb6]:63586
t=2026-03-08T12:57:08+0530 lvl=info msg="join connections" obj=join id=df4b2f3d02f7 l=[::1]:8000 r=[2401:4900:cac3:cff4:7911:d342:e9c7:bfb6]:63586
t=2026-03-08T12:57:08+0530 lvl=info msg="join connections" obj=join id=2a965ecff3c9 l=[::1]:8000 r=[2401:4900:cac3:cff4:7911:d342:e9c7:bfb6]:63586
t=2026-03-08T12:57:09+0530 lvl=info msg="join connections" obj=join id=4787289645d4 l=[::1]:8000 r=[2401:4900:cac3:cff4:7911:d342:e9c7:bfb6]:63586
